CRITICAL - 2022-06-02 09:07:05 --> Undefined property: App\Controllers\Auth::$session
#0 /home/dekolorr/licenta.dekolor.ro/app/Controllers/Auth.php(9): CodeIgniter\Debug\Exceptions->errorHandler()
#1 /home/dekolorr/licenta.dekolor.ro/system/CodeIgniter.php(834): App\Controllers\Auth->login()
#2 /home/dekolorr/licenta.dekolor.ro/system/CodeIgniter.php(421): CodeIgniter\CodeIgniter->runController()
#3 /home/dekolorr/licenta.dekolor.ro/system/CodeIgniter.php(328): CodeIgniter\CodeIgniter->handleRequest()
#4 /home/dekolorr/licenta.dekolor.ro/public/index.php(37): CodeIgniter\CodeIgniter->run()
#5 {main}
CRITICAL - 2022-06-02 09:08:00 --> Undefined property: App\Controllers\Auth::$session
#0 /home/dekolorr/licenta.dekolor.ro/app/Controllers/Auth.php(9): CodeIgniter\Debug\Exceptions->errorHandler()
#1 /home/dekolorr/licenta.dekolor.ro/system/CodeIgniter.php(834): App\Controllers\Auth->login()
#2 /home/dekolorr/licenta.dekolor.ro/system/CodeIgniter.php(421): CodeIgniter\CodeIgniter->runController()
#3 /home/dekolorr/licenta.dekolor.ro/system/CodeIgniter.php(328): CodeIgniter\CodeIgniter->handleRequest()
#4 /home/dekolorr/licenta.dekolor.ro/public/index.php(37): CodeIgniter\CodeIgniter->run()
#5 {main}
CRITICAL - 2022-06-02 10:19:53 --> Invalid file: homepage.php
#0 /home/dekolorr/licenta.dekolor.ro/system/View/View.php(198): CodeIgniter\Exceptions\FrameworkException::forInvalidFile()
#1 /home/dekolorr/licenta.dekolor.ro/system/Common.php(1089): CodeIgniter\View\View->render()
#2 /home/dekolorr/licenta.dekolor.ro/app/Controllers/LicentaHome.php(15): view()
#3 /home/dekolorr/licenta.dekolor.ro/system/CodeIgniter.php(834): App\Controllers\LicentaHome->index()
#4 /home/dekolorr/licenta.dekolor.ro/system/CodeIgniter.php(421): CodeIgniter\CodeIgniter->runController()
#5 /home/dekolorr/licenta.dekolor.ro/system/CodeIgniter.php(328): CodeIgniter\CodeIgniter->handleRequest()
#6 /home/dekolorr/licenta.dekolor.ro/public/index.php(37): CodeIgniter\CodeIgniter->run()
#7 {main}
