CRITICAL - 2022-05-28 05:24:03 --> Trying to access array offset on value of type null
#0 /home/dekolorr/licenta.dekolor.ro/app/Views/devicelist.php(9): CodeIgniter\Debug\Exceptions->errorHandler()
#1 /home/dekolorr/licenta.dekolor.ro/system/View/View.php(210): include('/home/dekolorr/...')
#2 /home/dekolorr/licenta.dekolor.ro/system/View/View.php(213): CodeIgniter\View\View->CodeIgniter\View\{closure}()
#3 /home/dekolorr/licenta.dekolor.ro/system/Common.php(1089): CodeIgniter\View\View->render()
#4 /home/dekolorr/licenta.dekolor.ro/app/Controllers/DeviceController.php(25): view()
#5 /home/dekolorr/licenta.dekolor.ro/system/CodeIgniter.php(834): App\Controllers\DeviceController->index()
#6 /home/dekolorr/licenta.dekolor.ro/system/CodeIgniter.php(421): CodeIgniter\CodeIgniter->runController()
#7 /home/dekolorr/licenta.dekolor.ro/system/CodeIgniter.php(328): CodeIgniter\CodeIgniter->handleRequest()
#8 /home/dekolorr/licenta.dekolor.ro/public/index.php(37): CodeIgniter\CodeIgniter->run()
#9 {main}
CRITICAL - 2022-05-28 06:35:35 --> Call to undefined method CodeIgniter\HTTP\IncomingRequest::body()
#0 /home/dekolorr/licenta.dekolor.ro/system/CodeIgniter.php(834): App\Controllers\ApiController->update()
#1 /home/dekolorr/licenta.dekolor.ro/system/CodeIgniter.php(421): CodeIgniter\CodeIgniter->runController()
#2 /home/dekolorr/licenta.dekolor.ro/system/CodeIgniter.php(328): CodeIgniter\CodeIgniter->handleRequest()
#3 /home/dekolorr/licenta.dekolor.ro/public/index.php(37): CodeIgniter\CodeIgniter->run()
#4 {main}
CRITICAL - 2022-05-28 06:35:49 --> Call to undefined method CodeIgniter\HTTP\IncomingRequest::body()
#0 /home/dekolorr/licenta.dekolor.ro/system/CodeIgniter.php(834): App\Controllers\ApiController->update()
#1 /home/dekolorr/licenta.dekolor.ro/system/CodeIgniter.php(421): CodeIgniter\CodeIgniter->runController()
#2 /home/dekolorr/licenta.dekolor.ro/system/CodeIgniter.php(328): CodeIgniter\CodeIgniter->handleRequest()
#3 /home/dekolorr/licenta.dekolor.ro/public/index.php(37): CodeIgniter\CodeIgniter->run()
#4 {main}
CRITICAL - 2022-05-28 06:36:32 --> Cannot access protected property CodeIgniter\HTTP\IncomingRequest::$body
#0 /home/dekolorr/licenta.dekolor.ro/system/CodeIgniter.php(834): App\Controllers\ApiController->update()
#1 /home/dekolorr/licenta.dekolor.ro/system/CodeIgniter.php(421): CodeIgniter\CodeIgniter->runController()
#2 /home/dekolorr/licenta.dekolor.ro/system/CodeIgniter.php(328): CodeIgniter\CodeIgniter->handleRequest()
#3 /home/dekolorr/licenta.dekolor.ro/public/index.php(37): CodeIgniter\CodeIgniter->run()
#4 {main}
CRITICAL - 2022-05-28 06:36:33 --> Cannot access protected property CodeIgniter\HTTP\IncomingRequest::$body
#0 /home/dekolorr/licenta.dekolor.ro/system/CodeIgniter.php(834): App\Controllers\ApiController->update()
#1 /home/dekolorr/licenta.dekolor.ro/system/CodeIgniter.php(421): CodeIgniter\CodeIgniter->runController()
#2 /home/dekolorr/licenta.dekolor.ro/system/CodeIgniter.php(328): CodeIgniter\CodeIgniter->handleRequest()
#3 /home/dekolorr/licenta.dekolor.ro/public/index.php(37): CodeIgniter\CodeIgniter->run()
#4 {main}
