CRITICAL - 2022-06-01 11:09:44 --> Object of class stdClass could not be converted to string
#0 /home/dekolorr/licenta.dekolor.ro/system/Database/Query.php(318): strtr()
#1 /home/dekolorr/licenta.dekolor.ro/system/Database/Query.php(293): CodeIgniter\Database\Query->matchNamedBinds()
#2 /home/dekolorr/licenta.dekolor.ro/system/Database/Query.php(150): CodeIgniter\Database\Query->compileBinds()
#3 /home/dekolorr/licenta.dekolor.ro/system/Database/BaseConnection.php(598): CodeIgniter\Database\Query->getQuery()
#4 /home/dekolorr/licenta.dekolor.ro/system/Database/BaseBuilder.php(1771): CodeIgniter\Database\BaseConnection->query()
#5 /home/dekolorr/licenta.dekolor.ro/system/Model.php(239): CodeIgniter\Database\BaseBuilder->insert()
#6 /home/dekolorr/licenta.dekolor.ro/system/BaseModel.php(738): CodeIgniter\Model->doInsert()
#7 /home/dekolorr/licenta.dekolor.ro/system/Model.php(625): CodeIgniter\BaseModel->insert()
#8 /home/dekolorr/licenta.dekolor.ro/app/Controllers/ApiController.php(22): CodeIgniter\Model->insert()
#9 /home/dekolorr/licenta.dekolor.ro/system/CodeIgniter.php(834): App\Controllers\ApiController->call()
#10 /home/dekolorr/licenta.dekolor.ro/system/CodeIgniter.php(421): CodeIgniter\CodeIgniter->runController()
#11 /home/dekolorr/licenta.dekolor.ro/system/CodeIgniter.php(328): CodeIgniter\CodeIgniter->handleRequest()
#12 /home/dekolorr/licenta.dekolor.ro/public/index.php(37): CodeIgniter\CodeIgniter->run()
#13 {main}
CRITICAL - 2022-06-01 11:10:28 --> Object of class stdClass could not be converted to string
#0 /home/dekolorr/licenta.dekolor.ro/system/Database/Query.php(318): strtr()
#1 /home/dekolorr/licenta.dekolor.ro/system/Database/Query.php(293): CodeIgniter\Database\Query->matchNamedBinds()
#2 /home/dekolorr/licenta.dekolor.ro/system/Database/Query.php(150): CodeIgniter\Database\Query->compileBinds()
#3 /home/dekolorr/licenta.dekolor.ro/system/Database/BaseConnection.php(598): CodeIgniter\Database\Query->getQuery()
#4 /home/dekolorr/licenta.dekolor.ro/system/Database/BaseBuilder.php(1771): CodeIgniter\Database\BaseConnection->query()
#5 /home/dekolorr/licenta.dekolor.ro/system/Model.php(239): CodeIgniter\Database\BaseBuilder->insert()
#6 /home/dekolorr/licenta.dekolor.ro/system/BaseModel.php(738): CodeIgniter\Model->doInsert()
#7 /home/dekolorr/licenta.dekolor.ro/system/Model.php(625): CodeIgniter\BaseModel->insert()
#8 /home/dekolorr/licenta.dekolor.ro/app/Controllers/ApiController.php(22): CodeIgniter\Model->insert()
#9 /home/dekolorr/licenta.dekolor.ro/system/CodeIgniter.php(834): App\Controllers\ApiController->call()
#10 /home/dekolorr/licenta.dekolor.ro/system/CodeIgniter.php(421): CodeIgniter\CodeIgniter->runController()
#11 /home/dekolorr/licenta.dekolor.ro/system/CodeIgniter.php(328): CodeIgniter\CodeIgniter->handleRequest()
#12 /home/dekolorr/licenta.dekolor.ro/public/index.php(37): CodeIgniter\CodeIgniter->run()
#13 {main}
CRITICAL - 2022-06-01 11:11:36 --> Object of class stdClass could not be converted to string
#0 /home/dekolorr/licenta.dekolor.ro/system/Database/Query.php(318): strtr()
#1 /home/dekolorr/licenta.dekolor.ro/system/Database/Query.php(293): CodeIgniter\Database\Query->matchNamedBinds()
#2 /home/dekolorr/licenta.dekolor.ro/system/Database/Query.php(150): CodeIgniter\Database\Query->compileBinds()
#3 /home/dekolorr/licenta.dekolor.ro/system/Database/BaseConnection.php(598): CodeIgniter\Database\Query->getQuery()
#4 /home/dekolorr/licenta.dekolor.ro/system/Database/BaseBuilder.php(1771): CodeIgniter\Database\BaseConnection->query()
#5 /home/dekolorr/licenta.dekolor.ro/system/Model.php(239): CodeIgniter\Database\BaseBuilder->insert()
#6 /home/dekolorr/licenta.dekolor.ro/system/BaseModel.php(738): CodeIgniter\Model->doInsert()
#7 /home/dekolorr/licenta.dekolor.ro/system/Model.php(625): CodeIgniter\BaseModel->insert()
#8 /home/dekolorr/licenta.dekolor.ro/app/Controllers/ApiController.php(22): CodeIgniter\Model->insert()
#9 /home/dekolorr/licenta.dekolor.ro/system/CodeIgniter.php(834): App\Controllers\ApiController->call()
#10 /home/dekolorr/licenta.dekolor.ro/system/CodeIgniter.php(421): CodeIgniter\CodeIgniter->runController()
#11 /home/dekolorr/licenta.dekolor.ro/system/CodeIgniter.php(328): CodeIgniter\CodeIgniter->handleRequest()
#12 /home/dekolorr/licenta.dekolor.ro/public/index.php(37): CodeIgniter\CodeIgniter->run()
#13 {main}
CRITICAL - 2022-06-01 11:13:14 --> Object of class stdClass could not be converted to string
#0 /home/dekolorr/licenta.dekolor.ro/system/Database/Query.php(318): strtr()
#1 /home/dekolorr/licenta.dekolor.ro/system/Database/Query.php(293): CodeIgniter\Database\Query->matchNamedBinds()
#2 /home/dekolorr/licenta.dekolor.ro/system/Database/Query.php(150): CodeIgniter\Database\Query->compileBinds()
#3 /home/dekolorr/licenta.dekolor.ro/system/Database/BaseConnection.php(598): CodeIgniter\Database\Query->getQuery()
#4 /home/dekolorr/licenta.dekolor.ro/system/Database/BaseBuilder.php(1771): CodeIgniter\Database\BaseConnection->query()
#5 /home/dekolorr/licenta.dekolor.ro/system/Model.php(239): CodeIgniter\Database\BaseBuilder->insert()
#6 /home/dekolorr/licenta.dekolor.ro/system/BaseModel.php(738): CodeIgniter\Model->doInsert()
#7 /home/dekolorr/licenta.dekolor.ro/system/Model.php(625): CodeIgniter\BaseModel->insert()
#8 /home/dekolorr/licenta.dekolor.ro/app/Controllers/ApiController.php(22): CodeIgniter\Model->insert()
#9 /home/dekolorr/licenta.dekolor.ro/system/CodeIgniter.php(834): App\Controllers\ApiController->call()
#10 /home/dekolorr/licenta.dekolor.ro/system/CodeIgniter.php(421): CodeIgniter\CodeIgniter->runController()
#11 /home/dekolorr/licenta.dekolor.ro/system/CodeIgniter.php(328): CodeIgniter\CodeIgniter->handleRequest()
#12 /home/dekolorr/licenta.dekolor.ro/public/index.php(37): CodeIgniter\CodeIgniter->run()
#13 {main}
CRITICAL - 2022-06-01 11:13:52 --> Object of class stdClass could not be converted to string
#0 /home/dekolorr/licenta.dekolor.ro/system/Database/Query.php(318): strtr()
#1 /home/dekolorr/licenta.dekolor.ro/system/Database/Query.php(293): CodeIgniter\Database\Query->matchNamedBinds()
#2 /home/dekolorr/licenta.dekolor.ro/system/Database/Query.php(150): CodeIgniter\Database\Query->compileBinds()
#3 /home/dekolorr/licenta.dekolor.ro/system/Database/BaseConnection.php(598): CodeIgniter\Database\Query->getQuery()
#4 /home/dekolorr/licenta.dekolor.ro/system/Database/BaseBuilder.php(1771): CodeIgniter\Database\BaseConnection->query()
#5 /home/dekolorr/licenta.dekolor.ro/system/Model.php(239): CodeIgniter\Database\BaseBuilder->insert()
#6 /home/dekolorr/licenta.dekolor.ro/system/BaseModel.php(738): CodeIgniter\Model->doInsert()
#7 /home/dekolorr/licenta.dekolor.ro/system/Model.php(625): CodeIgniter\BaseModel->insert()
#8 /home/dekolorr/licenta.dekolor.ro/app/Controllers/ApiController.php(22): CodeIgniter\Model->insert()
#9 /home/dekolorr/licenta.dekolor.ro/system/CodeIgniter.php(834): App\Controllers\ApiController->call()
#10 /home/dekolorr/licenta.dekolor.ro/system/CodeIgniter.php(421): CodeIgniter\CodeIgniter->runController()
#11 /home/dekolorr/licenta.dekolor.ro/system/CodeIgniter.php(328): CodeIgniter\CodeIgniter->handleRequest()
#12 /home/dekolorr/licenta.dekolor.ro/public/index.php(37): CodeIgniter\CodeIgniter->run()
#13 {main}
CRITICAL - 2022-06-01 11:16:54 --> Object of class stdClass could not be converted to string
#0 /home/dekolorr/licenta.dekolor.ro/system/Database/Query.php(318): strtr()
#1 /home/dekolorr/licenta.dekolor.ro/system/Database/Query.php(293): CodeIgniter\Database\Query->matchNamedBinds()
#2 /home/dekolorr/licenta.dekolor.ro/system/Database/Query.php(150): CodeIgniter\Database\Query->compileBinds()
#3 /home/dekolorr/licenta.dekolor.ro/system/Database/BaseConnection.php(598): CodeIgniter\Database\Query->getQuery()
#4 /home/dekolorr/licenta.dekolor.ro/system/Database/BaseBuilder.php(1771): CodeIgniter\Database\BaseConnection->query()
#5 /home/dekolorr/licenta.dekolor.ro/system/Model.php(239): CodeIgniter\Database\BaseBuilder->insert()
#6 /home/dekolorr/licenta.dekolor.ro/system/BaseModel.php(738): CodeIgniter\Model->doInsert()
#7 /home/dekolorr/licenta.dekolor.ro/system/Model.php(625): CodeIgniter\BaseModel->insert()
#8 /home/dekolorr/licenta.dekolor.ro/app/Controllers/ApiController.php(22): CodeIgniter\Model->insert()
#9 /home/dekolorr/licenta.dekolor.ro/system/CodeIgniter.php(834): App\Controllers\ApiController->call()
#10 /home/dekolorr/licenta.dekolor.ro/system/CodeIgniter.php(421): CodeIgniter\CodeIgniter->runController()
#11 /home/dekolorr/licenta.dekolor.ro/system/CodeIgniter.php(328): CodeIgniter\CodeIgniter->handleRequest()
#12 /home/dekolorr/licenta.dekolor.ro/public/index.php(37): CodeIgniter\CodeIgniter->run()
#13 {main}
CRITICAL - 2022-06-01 11:17:16 --> Object of class stdClass could not be converted to string
#0 /home/dekolorr/licenta.dekolor.ro/system/Database/Query.php(318): strtr()
#1 /home/dekolorr/licenta.dekolor.ro/system/Database/Query.php(293): CodeIgniter\Database\Query->matchNamedBinds()
#2 /home/dekolorr/licenta.dekolor.ro/system/Database/Query.php(150): CodeIgniter\Database\Query->compileBinds()
#3 /home/dekolorr/licenta.dekolor.ro/system/Database/BaseConnection.php(598): CodeIgniter\Database\Query->getQuery()
#4 /home/dekolorr/licenta.dekolor.ro/system/Database/BaseBuilder.php(1771): CodeIgniter\Database\BaseConnection->query()
#5 /home/dekolorr/licenta.dekolor.ro/system/Model.php(239): CodeIgniter\Database\BaseBuilder->insert()
#6 /home/dekolorr/licenta.dekolor.ro/system/BaseModel.php(738): CodeIgniter\Model->doInsert()
#7 /home/dekolorr/licenta.dekolor.ro/system/Model.php(625): CodeIgniter\BaseModel->insert()
#8 /home/dekolorr/licenta.dekolor.ro/app/Controllers/ApiController.php(22): CodeIgniter\Model->insert()
#9 /home/dekolorr/licenta.dekolor.ro/system/CodeIgniter.php(834): App\Controllers\ApiController->call()
#10 /home/dekolorr/licenta.dekolor.ro/system/CodeIgniter.php(421): CodeIgniter\CodeIgniter->runController()
#11 /home/dekolorr/licenta.dekolor.ro/system/CodeIgniter.php(328): CodeIgniter\CodeIgniter->handleRequest()
#12 /home/dekolorr/licenta.dekolor.ro/public/index.php(37): CodeIgniter\CodeIgniter->run()
#13 {main}
CRITICAL - 2022-06-01 11:18:04 --> Object of class stdClass could not be converted to string
#0 /home/dekolorr/licenta.dekolor.ro/system/Database/Query.php(318): strtr()
#1 /home/dekolorr/licenta.dekolor.ro/system/Database/Query.php(293): CodeIgniter\Database\Query->matchNamedBinds()
#2 /home/dekolorr/licenta.dekolor.ro/system/Database/Query.php(150): CodeIgniter\Database\Query->compileBinds()
#3 /home/dekolorr/licenta.dekolor.ro/system/Database/BaseConnection.php(598): CodeIgniter\Database\Query->getQuery()
#4 /home/dekolorr/licenta.dekolor.ro/system/Database/BaseBuilder.php(1771): CodeIgniter\Database\BaseConnection->query()
#5 /home/dekolorr/licenta.dekolor.ro/system/Model.php(239): CodeIgniter\Database\BaseBuilder->insert()
#6 /home/dekolorr/licenta.dekolor.ro/system/BaseModel.php(738): CodeIgniter\Model->doInsert()
#7 /home/dekolorr/licenta.dekolor.ro/system/Model.php(625): CodeIgniter\BaseModel->insert()
#8 /home/dekolorr/licenta.dekolor.ro/app/Controllers/ApiController.php(22): CodeIgniter\Model->insert()
#9 /home/dekolorr/licenta.dekolor.ro/system/CodeIgniter.php(834): App\Controllers\ApiController->call()
#10 /home/dekolorr/licenta.dekolor.ro/system/CodeIgniter.php(421): CodeIgniter\CodeIgniter->runController()
#11 /home/dekolorr/licenta.dekolor.ro/system/CodeIgniter.php(328): CodeIgniter\CodeIgniter->handleRequest()
#12 /home/dekolorr/licenta.dekolor.ro/public/index.php(37): CodeIgniter\CodeIgniter->run()
#13 {main}
CRITICAL - 2022-06-01 11:18:27 --> Object of class stdClass could not be converted to string
#0 /home/dekolorr/licenta.dekolor.ro/system/Database/Query.php(318): strtr()
#1 /home/dekolorr/licenta.dekolor.ro/system/Database/Query.php(293): CodeIgniter\Database\Query->matchNamedBinds()
#2 /home/dekolorr/licenta.dekolor.ro/system/Database/Query.php(150): CodeIgniter\Database\Query->compileBinds()
#3 /home/dekolorr/licenta.dekolor.ro/system/Database/BaseConnection.php(598): CodeIgniter\Database\Query->getQuery()
#4 /home/dekolorr/licenta.dekolor.ro/system/Database/BaseBuilder.php(1771): CodeIgniter\Database\BaseConnection->query()
#5 /home/dekolorr/licenta.dekolor.ro/system/Model.php(239): CodeIgniter\Database\BaseBuilder->insert()
#6 /home/dekolorr/licenta.dekolor.ro/system/BaseModel.php(738): CodeIgniter\Model->doInsert()
#7 /home/dekolorr/licenta.dekolor.ro/system/Model.php(625): CodeIgniter\BaseModel->insert()
#8 /home/dekolorr/licenta.dekolor.ro/app/Controllers/ApiController.php(22): CodeIgniter\Model->insert()
#9 /home/dekolorr/licenta.dekolor.ro/system/CodeIgniter.php(834): App\Controllers\ApiController->call()
#10 /home/dekolorr/licenta.dekolor.ro/system/CodeIgniter.php(421): CodeIgniter\CodeIgniter->runController()
#11 /home/dekolorr/licenta.dekolor.ro/system/CodeIgniter.php(328): CodeIgniter\CodeIgniter->handleRequest()
#12 /home/dekolorr/licenta.dekolor.ro/public/index.php(37): CodeIgniter\CodeIgniter->run()
#13 {main}
CRITICAL - 2022-06-01 12:13:35 --> Invalid file: autolist.php
#0 /home/dekolorr/licenta.dekolor.ro/system/View/View.php(198): CodeIgniter\Exceptions\FrameworkException::forInvalidFile()
#1 /home/dekolorr/licenta.dekolor.ro/system/Common.php(1089): CodeIgniter\View\View->render()
#2 /home/dekolorr/licenta.dekolor.ro/app/Controllers/AutoController.php(15): view()
#3 /home/dekolorr/licenta.dekolor.ro/system/CodeIgniter.php(834): App\Controllers\AutoController->index()
#4 /home/dekolorr/licenta.dekolor.ro/system/CodeIgniter.php(421): CodeIgniter\CodeIgniter->runController()
#5 /home/dekolorr/licenta.dekolor.ro/system/CodeIgniter.php(328): CodeIgniter\CodeIgniter->handleRequest()
#6 /home/dekolorr/licenta.dekolor.ro/public/index.php(37): CodeIgniter\CodeIgniter->run()
#7 {main}
CRITICAL - 2022-06-01 12:13:58 --> Invalid file: autolist.php
#0 /home/dekolorr/licenta.dekolor.ro/system/View/View.php(198): CodeIgniter\Exceptions\FrameworkException::forInvalidFile()
#1 /home/dekolorr/licenta.dekolor.ro/system/Common.php(1089): CodeIgniter\View\View->render()
#2 /home/dekolorr/licenta.dekolor.ro/app/Controllers/AutoController.php(15): view()
#3 /home/dekolorr/licenta.dekolor.ro/system/CodeIgniter.php(834): App\Controllers\AutoController->index()
#4 /home/dekolorr/licenta.dekolor.ro/system/CodeIgniter.php(421): CodeIgniter\CodeIgniter->runController()
#5 /home/dekolorr/licenta.dekolor.ro/system/CodeIgniter.php(328): CodeIgniter\CodeIgniter->handleRequest()
#6 /home/dekolorr/licenta.dekolor.ro/public/index.php(37): CodeIgniter\CodeIgniter->run()
#7 {main}
CRITICAL - 2022-06-01 12:23:09 --> json_decode(): Argument #1 ($json) must be of type string, array given
#0 /home/dekolorr/licenta.dekolor.ro/app/Controllers/AutoController.php(14): json_decode()
#1 /home/dekolorr/licenta.dekolor.ro/system/CodeIgniter.php(834): App\Controllers\AutoController->index()
#2 /home/dekolorr/licenta.dekolor.ro/system/CodeIgniter.php(421): CodeIgniter\CodeIgniter->runController()
#3 /home/dekolorr/licenta.dekolor.ro/system/CodeIgniter.php(328): CodeIgniter\CodeIgniter->handleRequest()
#4 /home/dekolorr/licenta.dekolor.ro/public/index.php(37): CodeIgniter\CodeIgniter->run()
#5 {main}
CRITICAL - 2022-06-01 12:24:45 --> Undefined array key "devices"
#0 /home/dekolorr/licenta.dekolor.ro/app/Views/autolist.php(18): CodeIgniter\Debug\Exceptions->errorHandler()
#1 /home/dekolorr/licenta.dekolor.ro/system/View/View.php(210): include('/home/dekolorr/...')
#2 /home/dekolorr/licenta.dekolor.ro/system/View/View.php(213): CodeIgniter\View\View->CodeIgniter\View\{closure}()
#3 /home/dekolorr/licenta.dekolor.ro/system/Common.php(1089): CodeIgniter\View\View->render()
#4 /home/dekolorr/licenta.dekolor.ro/app/Controllers/AutoController.php(18): view()
#5 /home/dekolorr/licenta.dekolor.ro/system/CodeIgniter.php(834): App\Controllers\AutoController->index()
#6 /home/dekolorr/licenta.dekolor.ro/system/CodeIgniter.php(421): CodeIgniter\CodeIgniter->runController()
#7 /home/dekolorr/licenta.dekolor.ro/system/CodeIgniter.php(328): CodeIgniter\CodeIgniter->handleRequest()
#8 /home/dekolorr/licenta.dekolor.ro/public/index.php(37): CodeIgniter\CodeIgniter->run()
#9 {main}
CRITICAL - 2022-06-01 12:25:00 --> foreach() argument must be of type array|object, null given
#0 /home/dekolorr/licenta.dekolor.ro/app/Views/autolist.php(18): CodeIgniter\Debug\Exceptions->errorHandler()
#1 /home/dekolorr/licenta.dekolor.ro/system/View/View.php(210): include('/home/dekolorr/...')
#2 /home/dekolorr/licenta.dekolor.ro/system/View/View.php(213): CodeIgniter\View\View->CodeIgniter\View\{closure}()
#3 /home/dekolorr/licenta.dekolor.ro/system/Common.php(1089): CodeIgniter\View\View->render()
#4 /home/dekolorr/licenta.dekolor.ro/app/Controllers/AutoController.php(18): view()
#5 /home/dekolorr/licenta.dekolor.ro/system/CodeIgniter.php(834): App\Controllers\AutoController->index()
#6 /home/dekolorr/licenta.dekolor.ro/system/CodeIgniter.php(421): CodeIgniter\CodeIgniter->runController()
#7 /home/dekolorr/licenta.dekolor.ro/system/CodeIgniter.php(328): CodeIgniter\CodeIgniter->handleRequest()
#8 /home/dekolorr/licenta.dekolor.ro/public/index.php(37): CodeIgniter\CodeIgniter->run()
#9 {main}
CRITICAL - 2022-06-01 12:25:29 --> foreach() argument must be of type array|object, null given
#0 /home/dekolorr/licenta.dekolor.ro/app/Views/autolist.php(19): CodeIgniter\Debug\Exceptions->errorHandler()
#1 /home/dekolorr/licenta.dekolor.ro/system/View/View.php(210): include('/home/dekolorr/...')
#2 /home/dekolorr/licenta.dekolor.ro/system/View/View.php(213): CodeIgniter\View\View->CodeIgniter\View\{closure}()
#3 /home/dekolorr/licenta.dekolor.ro/system/Common.php(1089): CodeIgniter\View\View->render()
#4 /home/dekolorr/licenta.dekolor.ro/app/Controllers/AutoController.php(18): view()
#5 /home/dekolorr/licenta.dekolor.ro/system/CodeIgniter.php(834): App\Controllers\AutoController->index()
#6 /home/dekolorr/licenta.dekolor.ro/system/CodeIgniter.php(421): CodeIgniter\CodeIgniter->runController()
#7 /home/dekolorr/licenta.dekolor.ro/system/CodeIgniter.php(328): CodeIgniter\CodeIgniter->handleRequest()
#8 /home/dekolorr/licenta.dekolor.ro/public/index.php(37): CodeIgniter\CodeIgniter->run()
#9 {main}
CRITICAL - 2022-06-01 12:25:29 --> foreach() argument must be of type array|object, null given
#0 /home/dekolorr/licenta.dekolor.ro/app/Views/autolist.php(19): CodeIgniter\Debug\Exceptions->errorHandler()
#1 /home/dekolorr/licenta.dekolor.ro/system/View/View.php(210): include('/home/dekolorr/...')
#2 /home/dekolorr/licenta.dekolor.ro/system/View/View.php(213): CodeIgniter\View\View->CodeIgniter\View\{closure}()
#3 /home/dekolorr/licenta.dekolor.ro/system/Common.php(1089): CodeIgniter\View\View->render()
#4 /home/dekolorr/licenta.dekolor.ro/app/Controllers/AutoController.php(18): view()
#5 /home/dekolorr/licenta.dekolor.ro/system/CodeIgniter.php(834): App\Controllers\AutoController->index()
#6 /home/dekolorr/licenta.dekolor.ro/system/CodeIgniter.php(421): CodeIgniter\CodeIgniter->runController()
#7 /home/dekolorr/licenta.dekolor.ro/system/CodeIgniter.php(328): CodeIgniter\CodeIgniter->handleRequest()
#8 /home/dekolorr/licenta.dekolor.ro/public/index.php(37): CodeIgniter\CodeIgniter->run()
#9 {main}
CRITICAL - 2022-06-01 12:25:30 --> foreach() argument must be of type array|object, null given
#0 /home/dekolorr/licenta.dekolor.ro/app/Views/autolist.php(19): CodeIgniter\Debug\Exceptions->errorHandler()
#1 /home/dekolorr/licenta.dekolor.ro/system/View/View.php(210): include('/home/dekolorr/...')
#2 /home/dekolorr/licenta.dekolor.ro/system/View/View.php(213): CodeIgniter\View\View->CodeIgniter\View\{closure}()
#3 /home/dekolorr/licenta.dekolor.ro/system/Common.php(1089): CodeIgniter\View\View->render()
#4 /home/dekolorr/licenta.dekolor.ro/app/Controllers/AutoController.php(18): view()
#5 /home/dekolorr/licenta.dekolor.ro/system/CodeIgniter.php(834): App\Controllers\AutoController->index()
#6 /home/dekolorr/licenta.dekolor.ro/system/CodeIgniter.php(421): CodeIgniter\CodeIgniter->runController()
#7 /home/dekolorr/licenta.dekolor.ro/system/CodeIgniter.php(328): CodeIgniter\CodeIgniter->handleRequest()
#8 /home/dekolorr/licenta.dekolor.ro/public/index.php(37): CodeIgniter\CodeIgniter->run()
#9 {main}
CRITICAL - 2022-06-01 12:25:30 --> foreach() argument must be of type array|object, null given
#0 /home/dekolorr/licenta.dekolor.ro/app/Views/autolist.php(19): CodeIgniter\Debug\Exceptions->errorHandler()
#1 /home/dekolorr/licenta.dekolor.ro/system/View/View.php(210): include('/home/dekolorr/...')
#2 /home/dekolorr/licenta.dekolor.ro/system/View/View.php(213): CodeIgniter\View\View->CodeIgniter\View\{closure}()
#3 /home/dekolorr/licenta.dekolor.ro/system/Common.php(1089): CodeIgniter\View\View->render()
#4 /home/dekolorr/licenta.dekolor.ro/app/Controllers/AutoController.php(18): view()
#5 /home/dekolorr/licenta.dekolor.ro/system/CodeIgniter.php(834): App\Controllers\AutoController->index()
#6 /home/dekolorr/licenta.dekolor.ro/system/CodeIgniter.php(421): CodeIgniter\CodeIgniter->runController()
#7 /home/dekolorr/licenta.dekolor.ro/system/CodeIgniter.php(328): CodeIgniter\CodeIgniter->handleRequest()
#8 /home/dekolorr/licenta.dekolor.ro/public/index.php(37): CodeIgniter\CodeIgniter->run()
#9 {main}
CRITICAL - 2022-06-01 12:25:41 --> foreach() argument must be of type array|object, null given
#0 /home/dekolorr/licenta.dekolor.ro/app/Views/autolist.php(20): CodeIgniter\Debug\Exceptions->errorHandler()
#1 /home/dekolorr/licenta.dekolor.ro/system/View/View.php(210): include('/home/dekolorr/...')
#2 /home/dekolorr/licenta.dekolor.ro/system/View/View.php(213): CodeIgniter\View\View->CodeIgniter\View\{closure}()
#3 /home/dekolorr/licenta.dekolor.ro/system/Common.php(1089): CodeIgniter\View\View->render()
#4 /home/dekolorr/licenta.dekolor.ro/app/Controllers/AutoController.php(18): view()
#5 /home/dekolorr/licenta.dekolor.ro/system/CodeIgniter.php(834): App\Controllers\AutoController->index()
#6 /home/dekolorr/licenta.dekolor.ro/system/CodeIgniter.php(421): CodeIgniter\CodeIgniter->runController()
#7 /home/dekolorr/licenta.dekolor.ro/system/CodeIgniter.php(328): CodeIgniter\CodeIgniter->handleRequest()
#8 /home/dekolorr/licenta.dekolor.ro/public/index.php(37): CodeIgniter\CodeIgniter->run()
#9 {main}
CRITICAL - 2022-06-01 12:25:42 --> foreach() argument must be of type array|object, null given
#0 /home/dekolorr/licenta.dekolor.ro/app/Views/autolist.php(20): CodeIgniter\Debug\Exceptions->errorHandler()
#1 /home/dekolorr/licenta.dekolor.ro/system/View/View.php(210): include('/home/dekolorr/...')
#2 /home/dekolorr/licenta.dekolor.ro/system/View/View.php(213): CodeIgniter\View\View->CodeIgniter\View\{closure}()
#3 /home/dekolorr/licenta.dekolor.ro/system/Common.php(1089): CodeIgniter\View\View->render()
#4 /home/dekolorr/licenta.dekolor.ro/app/Controllers/AutoController.php(18): view()
#5 /home/dekolorr/licenta.dekolor.ro/system/CodeIgniter.php(834): App\Controllers\AutoController->index()
#6 /home/dekolorr/licenta.dekolor.ro/system/CodeIgniter.php(421): CodeIgniter\CodeIgniter->runController()
#7 /home/dekolorr/licenta.dekolor.ro/system/CodeIgniter.php(328): CodeIgniter\CodeIgniter->handleRequest()
#8 /home/dekolorr/licenta.dekolor.ro/public/index.php(37): CodeIgniter\CodeIgniter->run()
#9 {main}
CRITICAL - 2022-06-01 12:26:34 --> foreach() argument must be of type array|object, null given
#0 /home/dekolorr/licenta.dekolor.ro/app/Views/autolist.php(20): CodeIgniter\Debug\Exceptions->errorHandler()
#1 /home/dekolorr/licenta.dekolor.ro/system/View/View.php(210): include('/home/dekolorr/...')
#2 /home/dekolorr/licenta.dekolor.ro/system/View/View.php(213): CodeIgniter\View\View->CodeIgniter\View\{closure}()
#3 /home/dekolorr/licenta.dekolor.ro/system/Common.php(1089): CodeIgniter\View\View->render()
#4 /home/dekolorr/licenta.dekolor.ro/app/Controllers/AutoController.php(18): view()
#5 /home/dekolorr/licenta.dekolor.ro/system/CodeIgniter.php(834): App\Controllers\AutoController->index()
#6 /home/dekolorr/licenta.dekolor.ro/system/CodeIgniter.php(421): CodeIgniter\CodeIgniter->runController()
#7 /home/dekolorr/licenta.dekolor.ro/system/CodeIgniter.php(328): CodeIgniter\CodeIgniter->handleRequest()
#8 /home/dekolorr/licenta.dekolor.ro/public/index.php(37): CodeIgniter\CodeIgniter->run()
#9 {main}
CRITICAL - 2022-06-01 15:11:21 --> Call to a member function limit() on array
#0 /home/dekolorr/licenta.dekolor.ro/system/CodeIgniter.php(834): App\Controllers\ApiController->listcalls()
#1 /home/dekolorr/licenta.dekolor.ro/system/CodeIgniter.php(421): CodeIgniter\CodeIgniter->runController()
#2 /home/dekolorr/licenta.dekolor.ro/system/CodeIgniter.php(328): CodeIgniter\CodeIgniter->handleRequest()
#3 /home/dekolorr/licenta.dekolor.ro/public/index.php(37): CodeIgniter\CodeIgniter->run()
#4 {main}
CRITICAL - 2022-06-01 15:11:23 --> Call to a member function limit() on array
#0 /home/dekolorr/licenta.dekolor.ro/system/CodeIgniter.php(834): App\Controllers\ApiController->listcalls()
#1 /home/dekolorr/licenta.dekolor.ro/system/CodeIgniter.php(421): CodeIgniter\CodeIgniter->runController()
#2 /home/dekolorr/licenta.dekolor.ro/system/CodeIgniter.php(328): CodeIgniter\CodeIgniter->handleRequest()
#3 /home/dekolorr/licenta.dekolor.ro/public/index.php(37): CodeIgniter\CodeIgniter->run()
#4 {main}
