CRITICAL - 2022-06-04 05:13:02 --> Undefined array key "name"
#0 /home/dekolorr/licenta.dekolor.ro/app/Controllers/ApiController.php(16): CodeIgniter\Debug\Exceptions->errorHandler()
#1 /home/dekolorr/licenta.dekolor.ro/system/CodeIgniter.php(834): App\Controllers\ApiController->update()
#2 /home/dekolorr/licenta.dekolor.ro/system/CodeIgniter.php(421): CodeIgniter\CodeIgniter->runController()
#3 /home/dekolorr/licenta.dekolor.ro/system/CodeIgniter.php(328): CodeIgniter\CodeIgniter->handleRequest()
#4 /home/dekolorr/licenta.dekolor.ro/public/index.php(37): CodeIgniter\CodeIgniter->run()
#5 {main}
CRITICAL - 2022-06-04 05:13:22 --> Undefined array key "name"
#0 /home/dekolorr/licenta.dekolor.ro/app/Controllers/ApiController.php(16): CodeIgniter\Debug\Exceptions->errorHandler()
#1 /home/dekolorr/licenta.dekolor.ro/system/CodeIgniter.php(834): App\Controllers\ApiController->update()
#2 /home/dekolorr/licenta.dekolor.ro/system/CodeIgniter.php(421): CodeIgniter\CodeIgniter->runController()
#3 /home/dekolorr/licenta.dekolor.ro/system/CodeIgniter.php(328): CodeIgniter\CodeIgniter->handleRequest()
#4 /home/dekolorr/licenta.dekolor.ro/public/index.php(37): CodeIgniter\CodeIgniter->run()
#5 {main}
CRITICAL - 2022-06-04 05:14:13 --> Undefined array key "name"
#0 /home/dekolorr/licenta.dekolor.ro/app/Controllers/ApiController.php(16): CodeIgniter\Debug\Exceptions->errorHandler()
#1 /home/dekolorr/licenta.dekolor.ro/system/CodeIgniter.php(834): App\Controllers\ApiController->update()
#2 /home/dekolorr/licenta.dekolor.ro/system/CodeIgniter.php(421): CodeIgniter\CodeIgniter->runController()
#3 /home/dekolorr/licenta.dekolor.ro/system/CodeIgniter.php(328): CodeIgniter\CodeIgniter->handleRequest()
#4 /home/dekolorr/licenta.dekolor.ro/public/index.php(37): CodeIgniter\CodeIgniter->run()
#5 {main}
CRITICAL - 2022-06-04 05:14:20 --> Undefined array key "name"
#0 /home/dekolorr/licenta.dekolor.ro/app/Controllers/ApiController.php(16): CodeIgniter\Debug\Exceptions->errorHandler()
#1 /home/dekolorr/licenta.dekolor.ro/system/CodeIgniter.php(834): App\Controllers\ApiController->update()
#2 /home/dekolorr/licenta.dekolor.ro/system/CodeIgniter.php(421): CodeIgniter\CodeIgniter->runController()
#3 /home/dekolorr/licenta.dekolor.ro/system/CodeIgniter.php(328): CodeIgniter\CodeIgniter->handleRequest()
#4 /home/dekolorr/licenta.dekolor.ro/public/index.php(37): CodeIgniter\CodeIgniter->run()
#5 {main}
CRITICAL - 2022-06-04 05:14:40 --> Undefined array key "name"
#0 /home/dekolorr/licenta.dekolor.ro/app/Controllers/ApiController.php(17): CodeIgniter\Debug\Exceptions->errorHandler()
#1 /home/dekolorr/licenta.dekolor.ro/system/CodeIgniter.php(834): App\Controllers\ApiController->update()
#2 /home/dekolorr/licenta.dekolor.ro/system/CodeIgniter.php(421): CodeIgniter\CodeIgniter->runController()
#3 /home/dekolorr/licenta.dekolor.ro/system/CodeIgniter.php(328): CodeIgniter\CodeIgniter->handleRequest()
#4 /home/dekolorr/licenta.dekolor.ro/public/index.php(37): CodeIgniter\CodeIgniter->run()
#5 {main}
CRITICAL - 2022-06-04 05:14:57 --> Undefined array key "name"
#0 /home/dekolorr/licenta.dekolor.ro/app/Controllers/ApiController.php(17): CodeIgniter\Debug\Exceptions->errorHandler()
#1 /home/dekolorr/licenta.dekolor.ro/system/CodeIgniter.php(834): App\Controllers\ApiController->update()
#2 /home/dekolorr/licenta.dekolor.ro/system/CodeIgniter.php(421): CodeIgniter\CodeIgniter->runController()
#3 /home/dekolorr/licenta.dekolor.ro/system/CodeIgniter.php(328): CodeIgniter\CodeIgniter->handleRequest()
#4 /home/dekolorr/licenta.dekolor.ro/public/index.php(37): CodeIgniter\CodeIgniter->run()
#5 {main}
CRITICAL - 2022-06-04 05:15:07 --> Undefined array key "name"
#0 /home/dekolorr/licenta.dekolor.ro/app/Controllers/ApiController.php(17): CodeIgniter\Debug\Exceptions->errorHandler()
#1 /home/dekolorr/licenta.dekolor.ro/system/CodeIgniter.php(834): App\Controllers\ApiController->update()
#2 /home/dekolorr/licenta.dekolor.ro/system/CodeIgniter.php(421): CodeIgniter\CodeIgniter->runController()
#3 /home/dekolorr/licenta.dekolor.ro/system/CodeIgniter.php(328): CodeIgniter\CodeIgniter->handleRequest()
#4 /home/dekolorr/licenta.dekolor.ro/public/index.php(37): CodeIgniter\CodeIgniter->run()
#5 {main}
CRITICAL - 2022-06-04 05:16:19 --> Undefined array key 0
#0 /home/dekolorr/licenta.dekolor.ro/app/Controllers/ApiController.php(14): CodeIgniter\Debug\Exceptions->errorHandler()
#1 /home/dekolorr/licenta.dekolor.ro/system/CodeIgniter.php(834): App\Controllers\ApiController->update()
#2 /home/dekolorr/licenta.dekolor.ro/system/CodeIgniter.php(421): CodeIgniter\CodeIgniter->runController()
#3 /home/dekolorr/licenta.dekolor.ro/system/CodeIgniter.php(328): CodeIgniter\CodeIgniter->handleRequest()
#4 /home/dekolorr/licenta.dekolor.ro/public/index.php(37): CodeIgniter\CodeIgniter->run()
#5 {main}
