CRITICAL - 2022-05-26 08:40:38 --> Undefined constant "CodeIgniter\Database\MySQLi\MYSQLI_STORE_RESULT"
#0 /home/dekolorr/licenta.dekolor.ro/system/Database/Database.php(56): CodeIgniter\Database\Database->initDriver('MySQLi', 'CodeIgniter\\Dat...', Array)
#1 /home/dekolorr/licenta.dekolor.ro/system/Database/Config.php(78): CodeIgniter\Database\Database->load(Array, 'default')
#2 /home/dekolorr/licenta.dekolor.ro/system/Model.php(97): CodeIgniter\Database\Config::connect('default')
#3 /home/dekolorr/licenta.dekolor.ro/app/Controllers/SigninController.php(17): CodeIgniter\Model->__construct()
#4 /home/dekolorr/licenta.dekolor.ro/system/CodeIgniter.php(834): App\Controllers\SigninController->loginAuth()
#5 /home/dekolorr/licenta.dekolor.ro/system/CodeIgniter.php(421): CodeIgniter\CodeIgniter->runController(Object(App\Controllers\SigninController))
#6 /home/dekolorr/licenta.dekolor.ro/system/CodeIgniter.php(328): CodeIgniter\CodeIgniter->handleRequest(NULL, Object(Config\Cache), false)
#7 /home/dekolorr/licenta.dekolor.ro/public/index.php(37): CodeIgniter\CodeIgniter->run()
#8 {main}
CRITICAL - 2022-05-26 08:46:54 --> Undefined constant "CodeIgniter\Database\MySQLi\MYSQLI_STORE_RESULT"
#0 /home/dekolorr/licenta.dekolor.ro/system/Database/Database.php(56): CodeIgniter\Database\Database->initDriver('MySQLi', 'CodeIgniter\\Dat...', Array)
#1 /home/dekolorr/licenta.dekolor.ro/system/Database/Config.php(78): CodeIgniter\Database\Database->load(Array, 'default')
#2 /home/dekolorr/licenta.dekolor.ro/system/Model.php(97): CodeIgniter\Database\Config::connect('default')
#3 /home/dekolorr/licenta.dekolor.ro/app/Controllers/SigninController.php(17): CodeIgniter\Model->__construct()
#4 /home/dekolorr/licenta.dekolor.ro/system/CodeIgniter.php(834): App\Controllers\SigninController->loginAuth()
#5 /home/dekolorr/licenta.dekolor.ro/system/CodeIgniter.php(421): CodeIgniter\CodeIgniter->runController(Object(App\Controllers\SigninController))
#6 /home/dekolorr/licenta.dekolor.ro/system/CodeIgniter.php(328): CodeIgniter\CodeIgniter->handleRequest(NULL, Object(Config\Cache), false)
#7 /home/dekolorr/licenta.dekolor.ro/public/index.php(37): CodeIgniter\CodeIgniter->run()
#8 {main}
CRITICAL - 2022-05-26 08:48:11 --> Undefined constant "CodeIgniter\Database\MySQLi\MYSQLI_STORE_RESULT"
#0 /home/dekolorr/licenta.dekolor.ro/system/Database/Database.php(56): CodeIgniter\Database\Database->initDriver('MySQLi', 'CodeIgniter\\Dat...', Array)
#1 /home/dekolorr/licenta.dekolor.ro/system/Database/Config.php(78): CodeIgniter\Database\Database->load(Array, 'default')
#2 /home/dekolorr/licenta.dekolor.ro/system/Model.php(97): CodeIgniter\Database\Config::connect('default')
#3 /home/dekolorr/licenta.dekolor.ro/app/Controllers/SigninController.php(17): CodeIgniter\Model->__construct()
#4 /home/dekolorr/licenta.dekolor.ro/system/CodeIgniter.php(834): App\Controllers\SigninController->loginAuth()
#5 /home/dekolorr/licenta.dekolor.ro/system/CodeIgniter.php(421): CodeIgniter\CodeIgniter->runController(Object(App\Controllers\SigninController))
#6 /home/dekolorr/licenta.dekolor.ro/system/CodeIgniter.php(328): CodeIgniter\CodeIgniter->handleRequest(NULL, Object(Config\Cache), false)
#7 /home/dekolorr/licenta.dekolor.ro/public/index.php(37): CodeIgniter\CodeIgniter->run()
#8 {main}
CRITICAL - 2022-05-26 08:57:56 --> Undefined constant "CodeIgniter\Database\MySQLi\MYSQLI_STORE_RESULT"
#0 /home/dekolorr/licenta.dekolor.ro/system/Database/Database.php(56): CodeIgniter\Database\Database->initDriver('MySQLi', 'CodeIgniter\\Dat...', Array)
#1 /home/dekolorr/licenta.dekolor.ro/system/Database/Config.php(78): CodeIgniter\Database\Database->load(Array, 'default')
#2 /home/dekolorr/licenta.dekolor.ro/system/Model.php(97): CodeIgniter\Database\Config::connect('default')
#3 /home/dekolorr/licenta.dekolor.ro/app/Controllers/SigninController.php(17): CodeIgniter\Model->__construct()
#4 /home/dekolorr/licenta.dekolor.ro/system/CodeIgniter.php(834): App\Controllers\SigninController->loginAuth()
#5 /home/dekolorr/licenta.dekolor.ro/system/CodeIgniter.php(421): CodeIgniter\CodeIgniter->runController(Object(App\Controllers\SigninController))
#6 /home/dekolorr/licenta.dekolor.ro/system/CodeIgniter.php(328): CodeIgniter\CodeIgniter->handleRequest(NULL, Object(Config\Cache), false)
#7 /home/dekolorr/licenta.dekolor.ro/public/index.php(37): CodeIgniter\CodeIgniter->run()
#8 {main}
CRITICAL - 2022-05-26 09:15:49 --> Undefined constant "CodeIgniter\Database\MySQLi\MYSQLI_STORE_RESULT"
#0 /home/dekolorr/licenta.dekolor.ro/system/Database/Database.php(56): CodeIgniter\Database\Database->initDriver('MySQLi', 'CodeIgniter\\Dat...', Array)
#1 /home/dekolorr/licenta.dekolor.ro/system/Database/Config.php(78): CodeIgniter\Database\Database->load(Array, 'default')
#2 /home/dekolorr/licenta.dekolor.ro/system/Model.php(97): CodeIgniter\Database\Config::connect('default')
#3 /home/dekolorr/licenta.dekolor.ro/app/Controllers/SigninController.php(17): CodeIgniter\Model->__construct()
#4 /home/dekolorr/licenta.dekolor.ro/system/CodeIgniter.php(834): App\Controllers\SigninController->loginAuth()
#5 /home/dekolorr/licenta.dekolor.ro/system/CodeIgniter.php(421): CodeIgniter\CodeIgniter->runController(Object(App\Controllers\SigninController))
#6 /home/dekolorr/licenta.dekolor.ro/system/CodeIgniter.php(328): CodeIgniter\CodeIgniter->handleRequest(NULL, Object(Config\Cache), false)
#7 /home/dekolorr/licenta.dekolor.ro/public/index.php(37): CodeIgniter\CodeIgniter->run()
#8 {main}
ERROR - 2022-05-26 09:16:41 --> Error connecting to the database: Access denied for user '****'@'localhost' (using password: NO)
CRITICAL - 2022-05-26 09:16:41 --> Unable to connect to the database.
Main connection [MySQLi]: Access denied for user '****'@'localhost' (using password: NO)
#0 /home/dekolorr/licenta.dekolor.ro/system/Database/BaseConnection.php(577): CodeIgniter\Database\BaseConnection->initialize()
#1 /home/dekolorr/licenta.dekolor.ro/system/Database/BaseBuilder.php(1455): CodeIgniter\Database\BaseConnection->query()
#2 /home/dekolorr/licenta.dekolor.ro/system/Model.php(210): CodeIgniter\Database\BaseBuilder->get()
#3 /home/dekolorr/licenta.dekolor.ro/system/BaseModel.php(622): CodeIgniter\Model->doFirst()
#4 /home/dekolorr/licenta.dekolor.ro/app/Controllers/SigninController.php(21): CodeIgniter\BaseModel->first()
#5 /home/dekolorr/licenta.dekolor.ro/system/CodeIgniter.php(834): App\Controllers\SigninController->loginAuth()
#6 /home/dekolorr/licenta.dekolor.ro/system/CodeIgniter.php(421): CodeIgniter\CodeIgniter->runController()
#7 /home/dekolorr/licenta.dekolor.ro/system/CodeIgniter.php(328): CodeIgniter\CodeIgniter->handleRequest()
#8 /home/dekolorr/licenta.dekolor.ro/public/index.php(37): CodeIgniter\CodeIgniter->run()
#9 {main}
ERROR - 2022-05-26 09:16:57 --> Error connecting to the database: Access denied for user '****'@'localhost' (using password: YES)
CRITICAL - 2022-05-26 09:16:57 --> Unable to connect to the database.
Main connection [MySQLi]: Access denied for user '****'@'localhost' (using password: YES)
#0 /home/dekolorr/licenta.dekolor.ro/system/Database/BaseConnection.php(577): CodeIgniter\Database\BaseConnection->initialize()
#1 /home/dekolorr/licenta.dekolor.ro/system/Database/BaseBuilder.php(1455): CodeIgniter\Database\BaseConnection->query()
#2 /home/dekolorr/licenta.dekolor.ro/system/Model.php(210): CodeIgniter\Database\BaseBuilder->get()
#3 /home/dekolorr/licenta.dekolor.ro/system/BaseModel.php(622): CodeIgniter\Model->doFirst()
#4 /home/dekolorr/licenta.dekolor.ro/app/Controllers/SigninController.php(21): CodeIgniter\BaseModel->first()
#5 /home/dekolorr/licenta.dekolor.ro/system/CodeIgniter.php(834): App\Controllers\SigninController->loginAuth()
#6 /home/dekolorr/licenta.dekolor.ro/system/CodeIgniter.php(421): CodeIgniter\CodeIgniter->runController()
#7 /home/dekolorr/licenta.dekolor.ro/system/CodeIgniter.php(328): CodeIgniter\CodeIgniter->handleRequest()
#8 /home/dekolorr/licenta.dekolor.ro/public/index.php(37): CodeIgniter\CodeIgniter->run()
#9 {main}
ERROR - 2022-05-26 09:17:09 --> Error connecting to the database: Access denied for user '****'@'localhost' (using password: YES)
CRITICAL - 2022-05-26 09:17:09 --> Unable to connect to the database.
Main connection [MySQLi]: Access denied for user '****'@'localhost' (using password: YES)
#0 /home/dekolorr/licenta.dekolor.ro/system/Database/BaseConnection.php(577): CodeIgniter\Database\BaseConnection->initialize()
#1 /home/dekolorr/licenta.dekolor.ro/system/Database/BaseBuilder.php(1455): CodeIgniter\Database\BaseConnection->query()
#2 /home/dekolorr/licenta.dekolor.ro/system/Model.php(210): CodeIgniter\Database\BaseBuilder->get()
#3 /home/dekolorr/licenta.dekolor.ro/system/BaseModel.php(622): CodeIgniter\Model->doFirst()
#4 /home/dekolorr/licenta.dekolor.ro/app/Controllers/SigninController.php(21): CodeIgniter\BaseModel->first()
#5 /home/dekolorr/licenta.dekolor.ro/system/CodeIgniter.php(834): App\Controllers\SigninController->loginAuth()
#6 /home/dekolorr/licenta.dekolor.ro/system/CodeIgniter.php(421): CodeIgniter\CodeIgniter->runController()
#7 /home/dekolorr/licenta.dekolor.ro/system/CodeIgniter.php(328): CodeIgniter\CodeIgniter->handleRequest()
#8 /home/dekolorr/licenta.dekolor.ro/public/index.php(37): CodeIgniter\CodeIgniter->run()
#9 {main}
CRITICAL - 2022-05-26 09:17:19 --> cURL error 7: Failed to connect to eu-api.coolkit.cc port 8080: Connection refused (see https://curl.haxx.se/libcurl/c/libcurl-errors.html)
#0 /home/dekolorr/licenta.dekolor.ro/vendor/guzzlehttp/guzzle/src/Handler/CurlFactory.php(155): GuzzleHttp\Handler\CurlFactory::createRejection()
#1 /home/dekolorr/licenta.dekolor.ro/vendor/guzzlehttp/guzzle/src/Handler/CurlFactory.php(105): GuzzleHttp\Handler\CurlFactory::finishError()
#2 /home/dekolorr/licenta.dekolor.ro/vendor/guzzlehttp/guzzle/src/Handler/CurlHandler.php(43): GuzzleHttp\Handler\CurlFactory::finish()
#3 /home/dekolorr/licenta.dekolor.ro/vendor/guzzlehttp/guzzle/src/Handler/Proxy.php(28): GuzzleHttp\Handler\CurlHandler->__invoke()
#4 /home/dekolorr/licenta.dekolor.ro/vendor/guzzlehttp/guzzle/src/Handler/Proxy.php(51): GuzzleHttp\Handler\Proxy::GuzzleHttp\Handler\{closure}()
#5 /home/dekolorr/licenta.dekolor.ro/vendor/guzzlehttp/guzzle/src/PrepareBodyMiddleware.php(66): GuzzleHttp\Handler\Proxy::GuzzleHttp\Handler\{closure}()
#6 /home/dekolorr/licenta.dekolor.ro/vendor/guzzlehttp/guzzle/src/Middleware.php(29): GuzzleHttp\PrepareBodyMiddleware->__invoke()
#7 /home/dekolorr/licenta.dekolor.ro/vendor/guzzlehttp/guzzle/src/RedirectMiddleware.php(70): GuzzleHttp\Middleware::GuzzleHttp\{closure}()
#8 /home/dekolorr/licenta.dekolor.ro/vendor/guzzlehttp/guzzle/src/Middleware.php(59): GuzzleHttp\RedirectMiddleware->__invoke()
#9 /home/dekolorr/licenta.dekolor.ro/vendor/guzzlehttp/guzzle/src/HandlerStack.php(71): GuzzleHttp\Middleware::GuzzleHttp\{closure}()
#10 /home/dekolorr/licenta.dekolor.ro/vendor/guzzlehttp/guzzle/src/Client.php(351): GuzzleHttp\HandlerStack->__invoke()
#11 /home/dekolorr/licenta.dekolor.ro/vendor/guzzlehttp/guzzle/src/Client.php(162): GuzzleHttp\Client->transfer()
#12 /home/dekolorr/licenta.dekolor.ro/vendor/guzzlehttp/guzzle/src/Client.php(182): GuzzleHttp\Client->requestAsync()
#13 /home/dekolorr/licenta.dekolor.ro/vendor/kukkjanos/ewelink/src/Api/Api.php(95): GuzzleHttp\Client->request()
#14 /home/dekolorr/licenta.dekolor.ro/vendor/kukkjanos/ewelink/src/Api/Api.php(43): EWeLink\Api\Api->authProc()
#15 /home/dekolorr/licenta.dekolor.ro/vendor/kukkjanos/ewelink/src/Api/Api.php(25): EWeLink\Api\Api->cacheBuild()
#16 /home/dekolorr/licenta.dekolor.ro/vendor/kukkjanos/ewelink/src/Api/EWeApi.php(9): EWeLink\Api\Api->__construct()
#17 /home/dekolorr/licenta.dekolor.ro/app/Controllers/DeviceController.php(26): EWeLink\Api\EWeApi->__construct()
#18 /home/dekolorr/licenta.dekolor.ro/system/CodeIgniter.php(834): App\Controllers\DeviceController->index()
#19 /home/dekolorr/licenta.dekolor.ro/system/CodeIgniter.php(421): CodeIgniter\CodeIgniter->runController()
#20 /home/dekolorr/licenta.dekolor.ro/system/CodeIgniter.php(328): CodeIgniter\CodeIgniter->handleRequest()
#21 /home/dekolorr/licenta.dekolor.ro/public/index.php(37): CodeIgniter\CodeIgniter->run()
#22 {main}
CRITICAL - 2022-05-26 09:18:28 --> cURL error 7: Failed to connect to eu-api.coolkit.cc port 8080: Connection refused (see https://curl.haxx.se/libcurl/c/libcurl-errors.html)
#0 /home/dekolorr/licenta.dekolor.ro/vendor/guzzlehttp/guzzle/src/Handler/CurlFactory.php(155): GuzzleHttp\Handler\CurlFactory::createRejection()
#1 /home/dekolorr/licenta.dekolor.ro/vendor/guzzlehttp/guzzle/src/Handler/CurlFactory.php(105): GuzzleHttp\Handler\CurlFactory::finishError()
#2 /home/dekolorr/licenta.dekolor.ro/vendor/guzzlehttp/guzzle/src/Handler/CurlHandler.php(43): GuzzleHttp\Handler\CurlFactory::finish()
#3 /home/dekolorr/licenta.dekolor.ro/vendor/guzzlehttp/guzzle/src/Handler/Proxy.php(28): GuzzleHttp\Handler\CurlHandler->__invoke()
#4 /home/dekolorr/licenta.dekolor.ro/vendor/guzzlehttp/guzzle/src/Handler/Proxy.php(51): GuzzleHttp\Handler\Proxy::GuzzleHttp\Handler\{closure}()
#5 /home/dekolorr/licenta.dekolor.ro/vendor/guzzlehttp/guzzle/src/PrepareBodyMiddleware.php(66): GuzzleHttp\Handler\Proxy::GuzzleHttp\Handler\{closure}()
#6 /home/dekolorr/licenta.dekolor.ro/vendor/guzzlehttp/guzzle/src/Middleware.php(29): GuzzleHttp\PrepareBodyMiddleware->__invoke()
#7 /home/dekolorr/licenta.dekolor.ro/vendor/guzzlehttp/guzzle/src/RedirectMiddleware.php(70): GuzzleHttp\Middleware::GuzzleHttp\{closure}()
#8 /home/dekolorr/licenta.dekolor.ro/vendor/guzzlehttp/guzzle/src/Middleware.php(59): GuzzleHttp\RedirectMiddleware->__invoke()
#9 /home/dekolorr/licenta.dekolor.ro/vendor/guzzlehttp/guzzle/src/HandlerStack.php(71): GuzzleHttp\Middleware::GuzzleHttp\{closure}()
#10 /home/dekolorr/licenta.dekolor.ro/vendor/guzzlehttp/guzzle/src/Client.php(351): GuzzleHttp\HandlerStack->__invoke()
#11 /home/dekolorr/licenta.dekolor.ro/vendor/guzzlehttp/guzzle/src/Client.php(162): GuzzleHttp\Client->transfer()
#12 /home/dekolorr/licenta.dekolor.ro/vendor/guzzlehttp/guzzle/src/Client.php(182): GuzzleHttp\Client->requestAsync()
#13 /home/dekolorr/licenta.dekolor.ro/vendor/kukkjanos/ewelink/src/Api/Api.php(95): GuzzleHttp\Client->request()
#14 /home/dekolorr/licenta.dekolor.ro/vendor/kukkjanos/ewelink/src/Api/Api.php(43): EWeLink\Api\Api->authProc()
#15 /home/dekolorr/licenta.dekolor.ro/vendor/kukkjanos/ewelink/src/Api/Api.php(25): EWeLink\Api\Api->cacheBuild()
#16 /home/dekolorr/licenta.dekolor.ro/vendor/kukkjanos/ewelink/src/Api/EWeApi.php(9): EWeLink\Api\Api->__construct()
#17 /home/dekolorr/licenta.dekolor.ro/app/Controllers/DeviceController.php(26): EWeLink\Api\EWeApi->__construct()
#18 /home/dekolorr/licenta.dekolor.ro/system/CodeIgniter.php(834): App\Controllers\DeviceController->index()
#19 /home/dekolorr/licenta.dekolor.ro/system/CodeIgniter.php(421): CodeIgniter\CodeIgniter->runController()
#20 /home/dekolorr/licenta.dekolor.ro/system/CodeIgniter.php(328): CodeIgniter\CodeIgniter->handleRequest()
#21 /home/dekolorr/licenta.dekolor.ro/public/index.php(37): CodeIgniter\CodeIgniter->run()
#22 {main}
CRITICAL - 2022-05-26 09:22:00 --> cURL error 7: Failed to connect to eu-api.coolkit.cc port 8080: Connection refused (see https://curl.haxx.se/libcurl/c/libcurl-errors.html)
#0 /home/dekolorr/licenta.dekolor.ro/vendor/guzzlehttp/guzzle/src/Handler/CurlFactory.php(155): GuzzleHttp\Handler\CurlFactory::createRejection()
#1 /home/dekolorr/licenta.dekolor.ro/vendor/guzzlehttp/guzzle/src/Handler/CurlFactory.php(105): GuzzleHttp\Handler\CurlFactory::finishError()
#2 /home/dekolorr/licenta.dekolor.ro/vendor/guzzlehttp/guzzle/src/Handler/CurlHandler.php(43): GuzzleHttp\Handler\CurlFactory::finish()
#3 /home/dekolorr/licenta.dekolor.ro/vendor/guzzlehttp/guzzle/src/Handler/Proxy.php(28): GuzzleHttp\Handler\CurlHandler->__invoke()
#4 /home/dekolorr/licenta.dekolor.ro/vendor/guzzlehttp/guzzle/src/Handler/Proxy.php(51): GuzzleHttp\Handler\Proxy::GuzzleHttp\Handler\{closure}()
#5 /home/dekolorr/licenta.dekolor.ro/vendor/guzzlehttp/guzzle/src/PrepareBodyMiddleware.php(66): GuzzleHttp\Handler\Proxy::GuzzleHttp\Handler\{closure}()
#6 /home/dekolorr/licenta.dekolor.ro/vendor/guzzlehttp/guzzle/src/Middleware.php(29): GuzzleHttp\PrepareBodyMiddleware->__invoke()
#7 /home/dekolorr/licenta.dekolor.ro/vendor/guzzlehttp/guzzle/src/RedirectMiddleware.php(70): GuzzleHttp\Middleware::GuzzleHttp\{closure}()
#8 /home/dekolorr/licenta.dekolor.ro/vendor/guzzlehttp/guzzle/src/Middleware.php(59): GuzzleHttp\RedirectMiddleware->__invoke()
#9 /home/dekolorr/licenta.dekolor.ro/vendor/guzzlehttp/guzzle/src/HandlerStack.php(71): GuzzleHttp\Middleware::GuzzleHttp\{closure}()
#10 /home/dekolorr/licenta.dekolor.ro/vendor/guzzlehttp/guzzle/src/Client.php(351): GuzzleHttp\HandlerStack->__invoke()
#11 /home/dekolorr/licenta.dekolor.ro/vendor/guzzlehttp/guzzle/src/Client.php(162): GuzzleHttp\Client->transfer()
#12 /home/dekolorr/licenta.dekolor.ro/vendor/guzzlehttp/guzzle/src/Client.php(182): GuzzleHttp\Client->requestAsync()
#13 /home/dekolorr/licenta.dekolor.ro/vendor/kukkjanos/ewelink/src/Api/Api.php(95): GuzzleHttp\Client->request()
#14 /home/dekolorr/licenta.dekolor.ro/vendor/kukkjanos/ewelink/src/Api/Api.php(43): EWeLink\Api\Api->authProc()
#15 /home/dekolorr/licenta.dekolor.ro/vendor/kukkjanos/ewelink/src/Api/Api.php(25): EWeLink\Api\Api->cacheBuild()
#16 /home/dekolorr/licenta.dekolor.ro/vendor/kukkjanos/ewelink/src/Api/EWeApi.php(9): EWeLink\Api\Api->__construct()
#17 /home/dekolorr/licenta.dekolor.ro/app/Controllers/DeviceController.php(26): EWeLink\Api\EWeApi->__construct()
#18 /home/dekolorr/licenta.dekolor.ro/system/CodeIgniter.php(834): App\Controllers\DeviceController->index()
#19 /home/dekolorr/licenta.dekolor.ro/system/CodeIgniter.php(421): CodeIgniter\CodeIgniter->runController()
#20 /home/dekolorr/licenta.dekolor.ro/system/CodeIgniter.php(328): CodeIgniter\CodeIgniter->handleRequest()
#21 /home/dekolorr/licenta.dekolor.ro/public/index.php(37): CodeIgniter\CodeIgniter->run()
#22 {main}
CRITICAL - 2022-05-26 09:22:38 --> cURL error 7: Failed to connect to eu-api.coolkit.cc port 8080: Connection refused (see https://curl.haxx.se/libcurl/c/libcurl-errors.html)
#0 /home/dekolorr/licenta.dekolor.ro/vendor/guzzlehttp/guzzle/src/Handler/CurlFactory.php(155): GuzzleHttp\Handler\CurlFactory::createRejection()
#1 /home/dekolorr/licenta.dekolor.ro/vendor/guzzlehttp/guzzle/src/Handler/CurlFactory.php(105): GuzzleHttp\Handler\CurlFactory::finishError()
#2 /home/dekolorr/licenta.dekolor.ro/vendor/guzzlehttp/guzzle/src/Handler/CurlHandler.php(43): GuzzleHttp\Handler\CurlFactory::finish()
#3 /home/dekolorr/licenta.dekolor.ro/vendor/guzzlehttp/guzzle/src/Handler/Proxy.php(28): GuzzleHttp\Handler\CurlHandler->__invoke()
#4 /home/dekolorr/licenta.dekolor.ro/vendor/guzzlehttp/guzzle/src/Handler/Proxy.php(51): GuzzleHttp\Handler\Proxy::GuzzleHttp\Handler\{closure}()
#5 /home/dekolorr/licenta.dekolor.ro/vendor/guzzlehttp/guzzle/src/PrepareBodyMiddleware.php(66): GuzzleHttp\Handler\Proxy::GuzzleHttp\Handler\{closure}()
#6 /home/dekolorr/licenta.dekolor.ro/vendor/guzzlehttp/guzzle/src/Middleware.php(29): GuzzleHttp\PrepareBodyMiddleware->__invoke()
#7 /home/dekolorr/licenta.dekolor.ro/vendor/guzzlehttp/guzzle/src/RedirectMiddleware.php(70): GuzzleHttp\Middleware::GuzzleHttp\{closure}()
#8 /home/dekolorr/licenta.dekolor.ro/vendor/guzzlehttp/guzzle/src/Middleware.php(59): GuzzleHttp\RedirectMiddleware->__invoke()
#9 /home/dekolorr/licenta.dekolor.ro/vendor/guzzlehttp/guzzle/src/HandlerStack.php(71): GuzzleHttp\Middleware::GuzzleHttp\{closure}()
#10 /home/dekolorr/licenta.dekolor.ro/vendor/guzzlehttp/guzzle/src/Client.php(351): GuzzleHttp\HandlerStack->__invoke()
#11 /home/dekolorr/licenta.dekolor.ro/vendor/guzzlehttp/guzzle/src/Client.php(162): GuzzleHttp\Client->transfer()
#12 /home/dekolorr/licenta.dekolor.ro/vendor/guzzlehttp/guzzle/src/Client.php(182): GuzzleHttp\Client->requestAsync()
#13 /home/dekolorr/licenta.dekolor.ro/vendor/kukkjanos/ewelink/src/Api/Api.php(95): GuzzleHttp\Client->request()
#14 /home/dekolorr/licenta.dekolor.ro/vendor/kukkjanos/ewelink/src/Api/Api.php(43): EWeLink\Api\Api->authProc()
#15 /home/dekolorr/licenta.dekolor.ro/vendor/kukkjanos/ewelink/src/Api/Api.php(25): EWeLink\Api\Api->cacheBuild()
#16 /home/dekolorr/licenta.dekolor.ro/vendor/kukkjanos/ewelink/src/Api/EWeApi.php(9): EWeLink\Api\Api->__construct()
#17 /home/dekolorr/licenta.dekolor.ro/app/Controllers/DeviceController.php(26): EWeLink\Api\EWeApi->__construct()
#18 /home/dekolorr/licenta.dekolor.ro/system/CodeIgniter.php(834): App\Controllers\DeviceController->index()
#19 /home/dekolorr/licenta.dekolor.ro/system/CodeIgniter.php(421): CodeIgniter\CodeIgniter->runController()
#20 /home/dekolorr/licenta.dekolor.ro/system/CodeIgniter.php(328): CodeIgniter\CodeIgniter->handleRequest()
#21 /home/dekolorr/licenta.dekolor.ro/public/index.php(37): CodeIgniter\CodeIgniter->run()
#22 {main}
CRITICAL - 2022-05-26 09:47:27 --> file_get_contents(http://aws.dekolor.ro:8080): Failed to open stream: Connection refused
#0 [internal function]: CodeIgniter\Debug\Exceptions->errorHandler()
#1 /home/dekolorr/licenta.dekolor.ro/app/Controllers/DeviceController.php(10): file_get_contents()
#2 /home/dekolorr/licenta.dekolor.ro/system/CodeIgniter.php(834): App\Controllers\DeviceController->index()
#3 /home/dekolorr/licenta.dekolor.ro/system/CodeIgniter.php(421): CodeIgniter\CodeIgniter->runController()
#4 /home/dekolorr/licenta.dekolor.ro/system/CodeIgniter.php(328): CodeIgniter\CodeIgniter->handleRequest()
#5 /home/dekolorr/licenta.dekolor.ro/public/index.php(37): CodeIgniter\CodeIgniter->run()
#6 {main}
CRITICAL - 2022-05-26 09:48:41 --> file_get_contents(http://aws.dekolor.ro:8080): Failed to open stream: Connection refused
#0 [internal function]: CodeIgniter\Debug\Exceptions->errorHandler()
#1 /home/dekolorr/licenta.dekolor.ro/app/Controllers/DeviceController.php(10): file_get_contents()
#2 /home/dekolorr/licenta.dekolor.ro/system/CodeIgniter.php(834): App\Controllers\DeviceController->index()
#3 /home/dekolorr/licenta.dekolor.ro/system/CodeIgniter.php(421): CodeIgniter\CodeIgniter->runController()
#4 /home/dekolorr/licenta.dekolor.ro/system/CodeIgniter.php(328): CodeIgniter\CodeIgniter->handleRequest()
#5 /home/dekolorr/licenta.dekolor.ro/public/index.php(37): CodeIgniter\CodeIgniter->run()
#6 {main}
CRITICAL - 2022-05-26 09:49:23 --> file_get_contents(http://aws.dekolor.ro:8080): Failed to open stream: Connection refused
#0 [internal function]: CodeIgniter\Debug\Exceptions->errorHandler()
#1 /home/dekolorr/licenta.dekolor.ro/app/Controllers/DeviceController.php(10): file_get_contents()
#2 /home/dekolorr/licenta.dekolor.ro/system/CodeIgniter.php(834): App\Controllers\DeviceController->index()
#3 /home/dekolorr/licenta.dekolor.ro/system/CodeIgniter.php(421): CodeIgniter\CodeIgniter->runController()
#4 /home/dekolorr/licenta.dekolor.ro/system/CodeIgniter.php(328): CodeIgniter\CodeIgniter->handleRequest()
#5 /home/dekolorr/licenta.dekolor.ro/public/index.php(37): CodeIgniter\CodeIgniter->run()
#6 {main}
CRITICAL - 2022-05-26 10:29:43 --> file_get_contents(https://aws.dekolor.ro:8443/toggle/): Failed to open stream: HTTP request failed! HTTP/1.1 404 Not Found

#0 [internal function]: CodeIgniter\Debug\Exceptions->errorHandler()
#1 /home/dekolorr/licenta.dekolor.ro/app/Controllers/DeviceController.php(26): file_get_contents()
#2 /home/dekolorr/licenta.dekolor.ro/system/CodeIgniter.php(834): App\Controllers\DeviceController->toggle()
#3 /home/dekolorr/licenta.dekolor.ro/system/CodeIgniter.php(421): CodeIgniter\CodeIgniter->runController()
#4 /home/dekolorr/licenta.dekolor.ro/system/CodeIgniter.php(328): CodeIgniter\CodeIgniter->handleRequest()
#5 /home/dekolorr/licenta.dekolor.ro/public/index.php(37): CodeIgniter\CodeIgniter->run()
#6 {main}
CRITICAL - 2022-05-26 10:30:04 --> Too few arguments to function App\Controllers\DeviceController::toggle(), 0 passed in /home/dekolorr/licenta.dekolor.ro/system/CodeIgniter.php on line 834 and exactly 1 expected
#0 /home/dekolorr/licenta.dekolor.ro/system/CodeIgniter.php(834): App\Controllers\DeviceController->toggle()
#1 /home/dekolorr/licenta.dekolor.ro/system/CodeIgniter.php(421): CodeIgniter\CodeIgniter->runController()
#2 /home/dekolorr/licenta.dekolor.ro/system/CodeIgniter.php(328): CodeIgniter\CodeIgniter->handleRequest()
#3 /home/dekolorr/licenta.dekolor.ro/public/index.php(37): CodeIgniter\CodeIgniter->run()
#4 {main}
CRITICAL - 2022-05-26 10:31:47 --> Too few arguments to function App\Controllers\DeviceController::toggle(), 0 passed in /home/dekolorr/licenta.dekolor.ro/system/CodeIgniter.php on line 834 and exactly 1 expected
#0 /home/dekolorr/licenta.dekolor.ro/system/CodeIgniter.php(834): App\Controllers\DeviceController->toggle()
#1 /home/dekolorr/licenta.dekolor.ro/system/CodeIgniter.php(421): CodeIgniter\CodeIgniter->runController()
#2 /home/dekolorr/licenta.dekolor.ro/system/CodeIgniter.php(328): CodeIgniter\CodeIgniter->handleRequest()
#3 /home/dekolorr/licenta.dekolor.ro/public/index.php(37): CodeIgniter\CodeIgniter->run()
#4 {main}
